<?xml version="1.0" encoding="UTF-8"?>
<testng-results skipped="0" failed="0" total="2" passed="2">
  <reporter-output>
  </reporter-output>
  <suite name="suite2" duration-ms="6206" started-at="2017-08-19T01:46:00Z" finished-at="2017-08-19T01:46:06Z">
    <groups>
    </groups>
    <test name="suite2-test1" duration-ms="6206" started-at="2017-08-19T01:46:00Z" finished-at="2017-08-19T01:46:06Z">
      <class name="com.tcs.SampleTestNGTest">
        <test-method status="PASS" signature="setBaseUrl()[pri:0, instance:com.tcs.SampleTestNGTest@12ada9e9]" name="setBaseUrl" is-config="true" duration-ms="5284" started-at="2017-08-18T18:46:00Z" finished-at="2017-08-18T18:46:05Z">
          <reporter-output>
          </reporter-output>
        </test-method> <!-- setBaseUrl -->
        <test-method status="PASS" signature="testTitle()[pri:0, instance:com.tcs.SampleTestNGTest@12ada9e9]" name="testTitle" duration-ms="30" started-at="2017-08-18T18:46:05Z" finished-at="2017-08-18T18:46:05Z">
          <reporter-output>
          </reporter-output>
        </test-method> <!-- testTitle -->
        <test-method status="PASS" signature="testTitle2()[pri:0, instance:com.tcs.SampleTestNGTest@12ada9e9]" name="testTitle2" duration-ms="661" started-at="2017-08-18T18:46:05Z" finished-at="2017-08-18T18:46:06Z">
          <reporter-output>
          </reporter-output>
        </test-method> <!-- testTitle2 -->
        <test-method status="PASS" signature="endSession()[pri:0, instance:com.tcs.SampleTestNGTest@12ada9e9]" name="endSession" is-config="true" duration-ms="191" started-at="2017-08-18T18:46:06Z" finished-at="2017-08-18T18:46:06Z">
          <reporter-output>
          </reporter-output>
        </test-method> <!-- endSession -->
      </class> <!-- com.tcs.SampleTestNGTest -->
    </test> <!-- suite2-test1 -->
  </suite> <!-- suite2 -->
</testng-results>
