<?xml version="1.0" encoding="UTF-8"?>
<testng-results skipped="0" failed="0" total="1" passed="1">
  <reporter-output>
  </reporter-output>
  <suite name="Default suite" duration-ms="5825" started-at="2017-08-19T01:30:28Z" finished-at="2017-08-19T01:30:34Z">
    <groups>
    </groups>
    <test name="Default test" duration-ms="5825" started-at="2017-08-19T01:30:28Z" finished-at="2017-08-19T01:30:34Z">
      <class name="com.tcs.SampleTestNGTest">
        <test-method status="PASS" signature="setBaseUrl()[pri:0, instance:com.tcs.SampleTestNGTest@724af044]" name="setBaseUrl" is-config="true" duration-ms="4844" started-at="2017-08-18T18:30:28Z" finished-at="2017-08-18T18:30:33Z">
          <reporter-output>
          </reporter-output>
        </test-method> <!-- setBaseUrl -->
        <test-method status="PASS" signature="testTitle2()[pri:0, instance:com.tcs.SampleTestNGTest@724af044]" name="testTitle2" duration-ms="719" started-at="2017-08-18T18:30:33Z" finished-at="2017-08-18T18:30:34Z">
          <reporter-output>
          </reporter-output>
        </test-method> <!-- testTitle2 -->
        <test-method status="PASS" signature="endSession()[pri:0, instance:com.tcs.SampleTestNGTest@724af044]" name="endSession" is-config="true" duration-ms="220" started-at="2017-08-18T18:30:34Z" finished-at="2017-08-18T18:30:34Z">
          <reporter-output>
          </reporter-output>
        </test-method> <!-- endSession -->
      </class> <!-- com.tcs.SampleTestNGTest -->
    </test> <!-- Default test -->
  </suite> <!-- Default suite -->
</testng-results>
